X Coordinate is 0
Y Coordinate is 0
X Coordinate is 0
Y Coordinate is 0
X Coordinate is 0
Y Coordinate is 0
X Coordinate is 0
Y Coordinate is 0
X Coordinate is 0
Y Coordinate is 0
move up...
move up...
move up...
The Final X,Y and Coordinates are: {'x': 3, 'y': 0, 'a': 1}
move right...
move right...
move down...
move left...
The Final X,Y and Coordinates are: {'x': -1, 'y': 1, 'a': 1}
move down...
move left...
The Final X,Y and Coordinates are: {'x': -1, 'y': -1, 'a': 1}
move up...
move up...
move up...
move right...
move right...
The Final X,Y and Coordinates are: {'x': 3, 'y': 2, 'a': 1}
move down...
move down...
move up...
move left...
move left...
The Final X,Y and Coordinates are: {'x': -1, 'y': -2, 'a': 1}
